<?xml version="1.0" encoding="UTF-8"?>
<!-- Generated by org.testng.reporters.JUnitXMLReporter -->
<testsuite hostname="DESKTOP-30U0P6A" ignored="0" name="Default test" tests="8" failures="0" timestamp="2020-09-23T12:48:26 IST" time="179.145" errors="0">
  <testcase name="CreateNewNoteAndVerify" time="12.16" classname="sdet.appium.org.AppiumTestProject.AddNoteWithReminder"/>
  <testcase name="verifyInvalidCredentialsTest" time="16.944" classname="sdet.appium.org.AppiumTestProject.LoginTestUsingPopUps"/>
  <testcase name="verifyValidCredentialsTest" time="6.803" classname="sdet.appium.org.AppiumTestProject.LoginTestUsingPopUps"/>
  <testcase name="CreateNewNoteAndVerify" time="11.86" classname="sdet.appium.org.AppiumTestProject.CreateAddNewTask"/>
  <testcase name="CreateNewNoteAndVerify" time="8.975" classname="sdet.appium.org.AppiumTestProject.AddNewNoteGKeep"/>
  <testcase name="AddStrickOutClearTask" time="33.435" classname="sdet.appium.org.AppiumTestProject.ToDoListTest"/>
  <testcase name="verifyInvalidCredentialsTest" time="13.621" classname="sdet.appium.org.AppiumTestProject.LoginTest"/>
  <testcase name="verifyValidCredentialsTest" time="3.483" classname="sdet.appium.org.AppiumTestProject.LoginTest"/>
</testsuite> <!-- Default test -->
