<?xml version="1.0" encoding="UTF-8"?>
<!-- Generated by org.testng.reporters.JUnitXMLReporter -->
<testsuite hostname="DESKTOP-30U0P6A" ignored="0" name="Command line test" tests="3" failures="0" timestamp="2020-09-23T12:41:49 IST" time="78.809" errors="0">
  <testcase name="verifyInvalidCredentialsTest" time="13.309" classname="sdet.appium.org.AppiumTestProject.LoginTest"/>
  <testcase name="verifyValidCredentialsTest" time="3.429" classname="sdet.appium.org.AppiumTestProject.LoginTest"/>
  <testcase name="AddStrickOutClearTask" time="36.129" classname="sdet.appium.org.AppiumTestProject.ToDoListTest"/>
</testsuite> <!-- Command line test -->
