<?xml version="1.0" encoding="UTF-8"?>
<testng-results skipped="0" failed="0" ignored="0" total="3" passed="3">
  <reporter-output>
  </reporter-output>
  <suite name="Command line suite" duration-ms="78809" started-at="2020-09-23T12:40:30 IST" finished-at="2020-09-23T12:41:49 IST">
    <groups>
    </groups>
    <test name="Command line test" duration-ms="78809" started-at="2020-09-23T12:40:30 IST" finished-at="2020-09-23T12:41:49 IST">
      <class name="sdet.appium.org.AppiumTestProject.ToDoListTest">
        <test-method status="PASS" signature="beforeClass()[pri:0, instance:sdet.appium.org.AppiumTestProject.ToDoListTest@6ddf90b0]" name="beforeClass" is-config="true" duration-ms="10940" started-at="2020-09-23T12:41:01 IST" finished-at="2020-09-23T12:41:12 IST">
          <reporter-output>
          </reporter-output>
        </test-method> <!-- beforeClass -->
        <test-method status="PASS" signature="AddStrickOutClearTask()[pri:0, instance:sdet.appium.org.AppiumTestProject.ToDoListTest@6ddf90b0]" name="AddStrickOutClearTask" duration-ms="36129" started-at="2020-09-23T12:41:12 IST" finished-at="2020-09-23T12:41:49 IST">
          <reporter-output>
          </reporter-output>
        </test-method> <!-- AddStrickOutClearTask -->
        <test-method status="PASS" signature="afterClass()[pri:0, instance:sdet.appium.org.AppiumTestProject.ToDoListTest@6ddf90b0]" name="afterClass" is-config="true" duration-ms="637" started-at="2020-09-23T12:41:49 IST" finished-at="2020-09-23T12:41:49 IST">
          <reporter-output>
          </reporter-output>
        </test-method> <!-- afterClass -->
      </class> <!-- sdet.appium.org.AppiumTestProject.ToDoListTest -->
      <class name="sdet.appium.org.AppiumTestProject.LoginTest">
        <test-method status="PASS" signature="beforeClass()[pri:0, instance:sdet.appium.org.AppiumTestProject.LoginTest@2b2948e2]" name="beforeClass" is-config="true" duration-ms="13422" started-at="2020-09-23T12:40:30 IST" finished-at="2020-09-23T12:40:44 IST">
          <reporter-output>
          </reporter-output>
        </test-method> <!-- beforeClass -->
        <test-method status="PASS" signature="verifyInvalidCredentialsTest()[pri:0, instance:sdet.appium.org.AppiumTestProject.LoginTest@2b2948e2]" name="verifyInvalidCredentialsTest" duration-ms="13309" started-at="2020-09-23T12:40:44 IST" finished-at="2020-09-23T12:40:57 IST">
          <reporter-output>
          </reporter-output>
        </test-method> <!-- verifyInvalidCredentialsTest -->
        <test-method status="PASS" signature="verifyValidCredentialsTest()[pri:0, instance:sdet.appium.org.AppiumTestProject.LoginTest@2b2948e2]" name="verifyValidCredentialsTest" duration-ms="3429" started-at="2020-09-23T12:40:57 IST" finished-at="2020-09-23T12:41:01 IST">
          <reporter-output>
          </reporter-output>
        </test-method> <!-- verifyValidCredentialsTest -->
        <test-method status="PASS" signature="afterClass()[pri:0, instance:sdet.appium.org.AppiumTestProject.LoginTest@2b2948e2]" name="afterClass" is-config="true" duration-ms="885" started-at="2020-09-23T12:41:01 IST" finished-at="2020-09-23T12:41:01 IST">
          <reporter-output>
          </reporter-output>
        </test-method> <!-- afterClass -->
      </class> <!-- sdet.appium.org.AppiumTestProject.LoginTest -->
    </test> <!-- Command line test -->
  </suite> <!-- Command line suite -->
</testng-results>
